jdata
{'ubc_username': 'kylem426', 'fullname': 'Firstname Lastname', 'program': 'My Program', 'email': 'user@domain.com', 'cell_number': '111-222-3333'}
Firstname Lastname
Writing JSON...
FULLSTACK NEW  S22 Software Engineer (EOS) 139409 E5
FULLSTACK NEW  S22 Software Engineer (SDN Fabric) 139410 E5
BACKEND:  NEW  S22 Software Engineer (CloudVision Back-end) 139413 E5
FULLSTACK S22 Software Developer 140541B
FULLSTACK S22 Full Stack Developer (Growth) 140911 E1
FRONTEND S22 Full Stack Software Engineer (App Experiences) 140912 E1
BACKEND:  S22 Co-op Software Developer (Data) Co-op/PEY 140913 E1
FULLSTACK S22 Software Engineer Co-op 140516 E1
BACKEND:  S22 Data Scientist 140921B
FULLSTACK S22 Software Engineer 141123B
BACKEND:  NEW  S22 Data Science Co-op 141222B
BACKEND:  S22 Machine Learning Engineer Co-op 141110B
FULLSTACK NEW  S22 Automation Engineer 140696B E1
FULLSTACK S22 Software Programmer 140825B E1
FULLSTACK S22 Software Development Internship (Vancouver; Req: R010669) - May 2022 139157 E6
BACKEND:  S22 Co-op Software Engineer (LiveOps) 140024 E3
FULLSTACK S22 Software Developer (ERP Team) Co-op 141153
BACKEND:  NEW  S22 Embedded Systems Test Automation Engineer Co-op 140741B E1
BACKEND:  S22 DevOps Engineer Co-op 140837
BACKEND:  S22 Java Developer, Big Data Co-op 140838 E1
FULLSTACK S22 Software Development Engineer in Test (SDET) Co-op 140841 E1
FULLSTACK NEW  S22 Software Developer 141096B E1
FULLSTACK S22 Intern/Co-op - Cloud Full Stack Developer 140819 E1
FULLSTACK S22 Jostle Summer Co-op Opportunities 141152
FULLSTACK S22 QA Dev Co-Op (Summer Term 2022) 139814 E3
FULLSTACK S22 Jr. Developer 140698
FULLSTACK S22 Software Engineer: Intern Opportunities (1115401) 139938 E3
FULLSTACK S22 Software Development Co-op 141130B
FRONTEND S22 Desktop App and Web Developer Co-op - Rebase 139994B E3
FULLSTACK NEW  S22 Co-op Software Developer Internship - May 2022 140734 E2
FRONTEND S22 Software: AI/Automation; Simulation; Sys-Integrations; UI/UX140684 E1
BACKEND:  S22 Hardware: Controls; Firmware; Robotics 140691 E2
BACKEND:  S22 Embedded Developer 140668 E2
BACKEND:  S22 Data Analyst Co-op 141155
FULLSTACK NEW  S22 Software Developer, Engineering Support 140276B E3
BACKEND:  S22 Data Ingestion and Processing 140247 E3
FULLSTACK S22 Software Engineer Intern 140462 E2
FRONTEND S22 Web Development Intern 141076B
FULLSTACK NEW  S22 Co-op Emerging Media Software Developer 141111 E1
FULLSTACK NEW  S22 Software Developer 139462 E5
FULLSTACK NEW  S22 Test Developer Engineer 140084 E4
BACKEND:  S22 Data Scientist Co-op 140087 E3
BACKEND:  NEW  S22 Embedded Systems Engineer 140308B E2
BACKEND:  NEW  S22 Machine Learning 141042B E1
FULLSTACK NEW  S22 Blockchain Engineering 141043B E1
